<?xml version="1.0" encoding="UTF-8"?>
<testsuite name="csc366.jpademo.Demo1" tests="5" skipped="0" failures="0" errors="0" timestamp="2020-06-03T23:30:23" hostname="Devon" time="0.13">
  <properties/>
  <testcase name="testPersonAndAddress()" classname="csc366.jpademo.Demo1" time="0.03"/>
  <testcase name="testPersonAddressQuery()" classname="csc366.jpademo.Demo1" time="0.02"/>
  <testcase name="testRemoveAddress()" classname="csc366.jpademo.Demo1" time="0.027"/>
  <testcase name="testRemoveAddressAndFlush()" classname="csc366.jpademo.Demo1" time="0.022"/>
  <testcase name="testJpqlJoin()" classname="csc366.jpademo.Demo1" time="0.026"/>
  <system-out><![CDATA[2020-06-03 16:30:22 - Starting Demo1 on Devon with PID 2489 (started by ncpalmie in /home/ncpalmie/School/Migler366/final_proj/366-Database-Project)
2020-06-03 16:30:22 - Running with Spring Boot v2.2.4.RELEASE, Spring v5.2.3.RELEASE
2020-06-03 16:30:22 - No active profile set, falling back to default profiles: default
2020-06-03 16:30:22 - 
    
    create table address (
       id bigint generated by default as identity,
        city varchar(255),
        state varchar(255),
        street varchar(255),
        zip_code varchar(255),
        person_id bigint,
        primary key (id)
    )
2020-06-03 16:30:22 - 
    
    create table person (
       id bigint generated by default as identity,
        email varchar(255),
        first_name varchar(255),
        last_name varchar(255) not null,
        primary key (id)
    )
2020-06-03 16:30:22 - 
    
    alter table person 
       drop constraint if exists UK6wjuvbalf4x2thqkfxejnlbvh
2020-06-03 16:30:22 - 
    
    alter table person 
       add constraint UK6wjuvbalf4x2thqkfxejnlbvh unique (last_name, first_name)
2020-06-03 16:30:22 - 
    
    alter table person 
       drop constraint if exists UK_fwmwi44u55bo4rvwsv0cln012
2020-06-03 16:30:22 - 
    
    alter table person 
       add constraint UK_fwmwi44u55bo4rvwsv0cln012 unique (email)
2020-06-03 16:30:22 - 
    
    alter table person 
       drop constraint if exists UK_6atyavdanbj9pwrbrod7irb2x
2020-06-03 16:30:22 - 
    
    alter table person 
       add constraint UK_6atyavdanbj9pwrbrod7irb2x unique (last_name)
2020-06-03 16:30:22 - 
    
    alter table address 
       add constraint FK81ihijcn1kdfwffke0c0sjqeb 
       foreign key (person_id) 
       references person
2020-06-03 16:30:23 - Started Demo1 in 0.517 seconds (JVM running for 5.877)
2020-06-03 16:30:23 - 
    insert 
    into
        person
        (id, email, first_name, last_name) 
    values
        (null, ?, ?, ?)
2020-06-03 16:30:23 - binding parameter [1] as [VARCHAR] - [test@calpoly.edu]
2020-06-03 16:30:23 - binding parameter [2] as [VARCHAR] - [test]
2020-06-03 16:30:23 - binding parameter [3] as [VARCHAR] - [test]
2020-06-03 16:30:23 - 
    insert 
    into
        address
        (id, city, person_id, state, street, zip_code) 
    values
        (null, ?, ?, ?, ?, ?)
2020-06-03 16:30:23 - binding parameter [1] as [VARCHAR] - [SLO]
2020-06-03 16:30:23 - binding parameter [2] as [BIGINT] - [1]
2020-06-03 16:30:23 - binding parameter [3] as [VARCHAR] - [CA]
2020-06-03 16:30:23 - binding parameter [4] as [VARCHAR] - [1 Grand Ave]
2020-06-03 16:30:23 - binding parameter [5] as [VARCHAR] - [93407]
2020-06-03 16:30:23 - 
    select
        person0_.id as id1_1_,
        person0_.email as email2_1_,
        person0_.first_name as first_na3_1_,
        person0_.last_name as last_nam4_1_ 
    from
        person person0_ 
    where
        person0_.first_name=?
2020-06-03 16:30:23 - binding parameter [1] as [VARCHAR] - [test]
2020-06-03 16:30:23 - Person[1,test,test,addresses=[Address[1,1 Grand Ave,SLO,CA,93407]]]
2020-06-03 16:30:23 - 
    insert 
    into
        person
        (id, email, first_name, last_name) 
    values
        (null, ?, ?, ?)
2020-06-03 16:30:23 - binding parameter [1] as [VARCHAR] - [test@calpoly.edu]
2020-06-03 16:30:23 - binding parameter [2] as [VARCHAR] - [test]
2020-06-03 16:30:23 - binding parameter [3] as [VARCHAR] - [test]
2020-06-03 16:30:23 - 
    insert 
    into
        address
        (id, city, person_id, state, street, zip_code) 
    values
        (null, ?, ?, ?, ?, ?)
2020-06-03 16:30:23 - binding parameter [1] as [VARCHAR] - [SLO]
2020-06-03 16:30:23 - binding parameter [2] as [BIGINT] - [2]
2020-06-03 16:30:23 - binding parameter [3] as [VARCHAR] - [CA]
2020-06-03 16:30:23 - binding parameter [4] as [VARCHAR] - [1 Grand Ave]
2020-06-03 16:30:23 - binding parameter [5] as [VARCHAR] - [93407]
2020-06-03 16:30:23 - 
    select
        person0_.id as id1_1_,
        person0_.email as email2_1_,
        person0_.first_name as first_na3_1_,
        person0_.last_name as last_nam4_1_ 
    from
        person person0_ 
    where
        person0_.first_name=?
2020-06-03 16:30:23 - binding parameter [1] as [VARCHAR] - [test]
2020-06-03 16:30:23 - 
    insert 
    into
        person
        (id, email, first_name, last_name) 
    values
        (null, ?, ?, ?)
2020-06-03 16:30:23 - binding parameter [1] as [VARCHAR] - [test@calpoly.edu]
2020-06-03 16:30:23 - binding parameter [2] as [VARCHAR] - [test]
2020-06-03 16:30:23 - binding parameter [3] as [VARCHAR] - [test]
2020-06-03 16:30:23 - 
    insert 
    into
        address
        (id, city, person_id, state, street, zip_code) 
    values
        (null, ?, ?, ?, ?, ?)
2020-06-03 16:30:23 - binding parameter [1] as [VARCHAR] - [SLO]
2020-06-03 16:30:23 - binding parameter [2] as [BIGINT] - [3]
2020-06-03 16:30:23 - binding parameter [3] as [VARCHAR] - [CA]
2020-06-03 16:30:23 - binding parameter [4] as [VARCHAR] - [1 Grand Ave]
2020-06-03 16:30:23 - binding parameter [5] as [VARCHAR] - [93407]
2020-06-03 16:30:23 - 
    select
        person0_.id as id1_1_,
        person0_.email as email2_1_,
        person0_.first_name as first_na3_1_,
        person0_.last_name as last_nam4_1_ 
    from
        person person0_ 
    where
        person0_.first_name=?
2020-06-03 16:30:23 - binding parameter [1] as [VARCHAR] - [test]
2020-06-03 16:30:23 - Person[3,test,test,addresses=[]]
2020-06-03 16:30:23 - 
    insert 
    into
        person
        (id, email, first_name, last_name) 
    values
        (null, ?, ?, ?)
2020-06-03 16:30:23 - binding parameter [1] as [VARCHAR] - [test@calpoly.edu]
2020-06-03 16:30:23 - binding parameter [2] as [VARCHAR] - [test]
2020-06-03 16:30:23 - binding parameter [3] as [VARCHAR] - [test]
2020-06-03 16:30:23 - 
    insert 
    into
        address
        (id, city, person_id, state, street, zip_code) 
    values
        (null, ?, ?, ?, ?, ?)
2020-06-03 16:30:23 - binding parameter [1] as [VARCHAR] - [SLO]
2020-06-03 16:30:23 - binding parameter [2] as [BIGINT] - [4]
2020-06-03 16:30:23 - binding parameter [3] as [VARCHAR] - [CA]
2020-06-03 16:30:23 - binding parameter [4] as [VARCHAR] - [1 Grand Ave]
2020-06-03 16:30:23 - binding parameter [5] as [VARCHAR] - [93407]
2020-06-03 16:30:23 - 
    select
        person0_.id as id1_1_,
        person0_.email as email2_1_,
        person0_.first_name as first_na3_1_,
        person0_.last_name as last_nam4_1_ 
    from
        person person0_ 
    where
        person0_.first_name=?
2020-06-03 16:30:23 - binding parameter [1] as [VARCHAR] - [test]
2020-06-03 16:30:23 - 
    delete 
    from
        address 
    where
        id=?
2020-06-03 16:30:23 - binding parameter [1] as [BIGINT] - [4]
2020-06-03 16:30:23 - Person[4,test,test,addresses=[]]
2020-06-03 16:30:23 - 
    insert 
    into
        person
        (id, email, first_name, last_name) 
    values
        (null, ?, ?, ?)
2020-06-03 16:30:23 - binding parameter [1] as [VARCHAR] - [test@calpoly.edu]
2020-06-03 16:30:23 - binding parameter [2] as [VARCHAR] - [test]
2020-06-03 16:30:23 - binding parameter [3] as [VARCHAR] - [test]
2020-06-03 16:30:23 - 
    insert 
    into
        address
        (id, city, person_id, state, street, zip_code) 
    values
        (null, ?, ?, ?, ?, ?)
2020-06-03 16:30:23 - binding parameter [1] as [VARCHAR] - [SLO]
2020-06-03 16:30:23 - binding parameter [2] as [BIGINT] - [5]
2020-06-03 16:30:23 - binding parameter [3] as [VARCHAR] - [CA]
2020-06-03 16:30:23 - binding parameter [4] as [VARCHAR] - [1 Grand Ave]
2020-06-03 16:30:23 - binding parameter [5] as [VARCHAR] - [93407]
2020-06-03 16:30:23 - 
    select
        person0_.id as id1_1_,
        person0_.email as email2_1_,
        person0_.first_name as first_na3_1_,
        person0_.last_name as last_nam4_1_ 
    from
        person person0_ 
    inner join
        address addresses1_ 
            on person0_.id=addresses1_.person_id 
    where
        person0_.first_name=? 
        or person0_.last_name=?
2020-06-03 16:30:23 - binding parameter [1] as [VARCHAR] - [test]
2020-06-03 16:30:23 - binding parameter [2] as [VARCHAR] - [test]
2020-06-03 16:30:23 - Person[5,test,test,addresses=[Address[5,1 Grand Ave,SLO,CA,93407]]]
2020-06-03 16:30:23 - 
    insert 
    into
        address
        (id, city, person_id, state, street, zip_code) 
    values
        (null, ?, ?, ?, ?, ?)
2020-06-03 16:30:23 - binding parameter [1] as [VARCHAR] - [SLO]
2020-06-03 16:30:23 - binding parameter [2] as [BIGINT] - [5]
2020-06-03 16:30:23 - binding parameter [3] as [VARCHAR] - [CA]
2020-06-03 16:30:23 - binding parameter [4] as [VARCHAR] - [2 Grand Ave]
2020-06-03 16:30:23 - binding parameter [5] as [VARCHAR] - [93407-0002]
2020-06-03 16:30:23 - 
    select
        person0_.id as id1_1_,
        person0_.email as email2_1_,
        person0_.first_name as first_na3_1_,
        person0_.last_name as last_nam4_1_ 
    from
        person person0_ 
    inner join
        address addresses1_ 
            on person0_.id=addresses1_.person_id 
    where
        person0_.first_name=? 
        or person0_.last_name=?
2020-06-03 16:30:23 - binding parameter [1] as [VARCHAR] - [test]
2020-06-03 16:30:23 - binding parameter [2] as [VARCHAR] - [test]
2020-06-03 16:30:23 - Person[5,test,test,addresses=[Address[5,1 Grand Ave,SLO,CA,93407], Address[6,2 Grand Ave,SLO,CA,93407-0002]]]
]]></system-out>
  <system-err><![CDATA[]]></system-err>
</testsuite>
