<?xml version="1.0" encoding="UTF-8"?>
<testsuite name="csc366.jpademo.Demo0" tests="7" skipped="0" failures="0" errors="0" timestamp="2020-06-03T23:30:22" hostname="Devon" time="0.393">
  <properties/>
  <testcase name="testSavePerson()" classname="csc366.jpademo.Demo0" time="0.234"/>
  <testcase name="testGetPerson()" classname="csc366.jpademo.Demo0" time="0.016"/>
  <testcase name="testDeletePerson()" classname="csc366.jpademo.Demo0" time="0.027"/>
  <testcase name="testFindAllPersons()" classname="csc366.jpademo.Demo0" time="0.02"/>
  <testcase name="testDeletByPersonId()" classname="csc366.jpademo.Demo0" time="0.017"/>
  <testcase name="testJpqlFinder()" classname="csc366.jpademo.Demo0" time="0.03"/>
  <testcase name="testSqlFinder()" classname="csc366.jpademo.Demo0" time="0.038"/>
  <system-out><![CDATA[16:30:18.116 [Test worker] DEBUG org.springframework.test.context.BootstrapUtils - Instantiating CacheAwareContextLoaderDelegate from class [org.springframework.test.context.cache.DefaultCacheAwareContextLoaderDelegate]
16:30:18.140 [Test worker] DEBUG org.springframework.test.context.BootstrapUtils - Instantiating BootstrapContext using constructor [public org.springframework.test.context.support.DefaultBootstrapContext(java.lang.Class,org.springframework.test.context.CacheAwareContextLoaderDelegate)]
16:30:18.186 [Test worker] DEBUG org.springframework.test.context.BootstrapUtils - Instantiating TestContextBootstrapper for test class [csc366.jpademo.Demo0] from class [org.springframework.boot.test.autoconfigure.orm.jpa.DataJpaTestContextBootstrapper]
16:30:18.204 [Test worker] INFO org.springframework.boot.test.autoconfigure.orm.jpa.DataJpaTestContextBootstrapper - Neither @ContextConfiguration nor @ContextHierarchy found for test class [csc366.jpademo.Demo0], using SpringBootContextLoader
16:30:18.208 [Test worker] DEBUG org.springframework.test.context.support.AbstractContextLoader - Did not detect default resource location for test class [csc366.jpademo.Demo0]: class path resource [csc366/jpademo/Demo0-context.xml] does not exist
16:30:18.209 [Test worker] DEBUG org.springframework.test.context.support.AbstractContextLoader - Did not detect default resource location for test class [csc366.jpademo.Demo0]: class path resource [csc366/jpademo/Demo0Context.groovy] does not exist
16:30:18.210 [Test worker] INFO org.springframework.test.context.support.AbstractContextLoader - Could not detect default resource locations for test class [csc366.jpademo.Demo0]: no resource found for suffixes {-context.xml, Context.groovy}.
16:30:18.211 [Test worker] INFO org.springframework.test.context.support.AnnotationConfigContextLoaderUtils - Could not detect default configuration classes for test class [csc366.jpademo.Demo0]: Demo0 does not declare any static, non-private, non-final, nested classes annotated with @Configuration.
16:30:18.271 [Test worker] DEBUG org.springframework.test.context.support.ActiveProfilesUtils - Could not find an 'annotation declaring class' for annotation type [org.springframework.test.context.ActiveProfiles] and class [csc366.jpademo.Demo0]
16:30:18.326 [Test worker] DEBUG org.springframework.context.annotation.ClassPathScanningCandidateComponentProvider - Identified candidate component class: file [/home/ncpalmie/School/Migler366/final_proj/366-Database-Project/build/classes/java/main/csc366/jpademo/JpaDemoApplication.class]
16:30:18.334 [Test worker] INFO org.springframework.boot.test.context.SpringBootTestContextBootstrapper - Found @SpringBootConfiguration csc366.jpademo.JpaDemoApplication for test class csc366.jpademo.Demo0
16:30:18.336 [Test worker] DEBUG org.springframework.boot.test.autoconfigure.orm.jpa.DataJpaTestContextBootstrapper - @TestExecutionListeners is not present for class [csc366.jpademo.Demo0]: using defaults.
16:30:18.336 [Test worker] INFO org.springframework.boot.test.autoconfigure.orm.jpa.DataJpaTestContextBootstrapper - Loaded default TestExecutionListener class names from location [META-INF/spring.factories]: [org.springframework.boot.test.autoconfigure.restdocs.RestDocsTestExecutionListener, org.springframework.boot.test.autoconfigure.web.client.MockRestServiceServerResetTestExecutionListener, org.springframework.boot.test.autoconfigure.web.servlet.MockMvcPrintOnlyOnFailureTestExecutionListener, org.springframework.boot.test.autoconfigure.web.servlet.WebDriverTestExecutionListener, org.springframework.boot.test.mock.mockito.MockitoTestExecutionListener, org.springframework.boot.test.mock.mockito.ResetMocksTestExecutionListener, org.springframework.test.context.web.ServletTestExecutionListener, org.springframework.test.context.support.DirtiesContextBeforeModesTestExecutionListener, org.springframework.test.context.support.DependencyInjectionTestExecutionListener, org.springframework.test.context.support.DirtiesContextTestExecutionListener, org.springframework.test.context.transaction.TransactionalTestExecutionListener, org.springframework.test.context.jdbc.SqlScriptsTestExecutionListener, org.springframework.test.context.event.EventPublishingTestExecutionListener]
16:30:18.358 [Test worker] INFO org.springframework.boot.test.autoconfigure.orm.jpa.DataJpaTestContextBootstrapper - Using TestExecutionListeners: [org.springframework.test.context.web.ServletTestExecutionListener@eeeb5a5, org.springframework.test.context.support.DirtiesContextBeforeModesTestExecutionListener@6b9588bd, org.springframework.boot.test.mock.mockito.MockitoTestExecutionListener@7fb3f6f7, org.springframework.boot.test.autoconfigure.SpringBootDependencyInjectionTestExecutionListener@7e06caef, org.springframework.test.context.support.DirtiesContextTestExecutionListener@53e1b17, org.springframework.test.context.transaction.TransactionalTestExecutionListener@42a9ab6d, org.springframework.test.context.jdbc.SqlScriptsTestExecutionListener@22cde981, org.springframework.test.context.event.EventPublishingTestExecutionListener@6ad40e85, org.springframework.boot.test.autoconfigure.restdocs.RestDocsTestExecutionListener@1fc7466b, org.springframework.boot.test.autoconfigure.web.client.MockRestServiceServerResetTestExecutionListener@103a643d, org.springframework.boot.test.autoconfigure.web.servlet.MockMvcPrintOnlyOnFailureTestExecutionListener@5df6165a, org.springframework.boot.test.autoconfigure.web.servlet.WebDriverTestExecutionListener@179c8b47, org.springframework.boot.test.mock.mockito.ResetMocksTestExecutionListener@32cd63c1]
16:30:18.362 [Test worker] DEBUG org.springframework.test.context.support.AbstractDirtiesContextTestExecutionListener - Before test class: context [DefaultTestContext@71109242 testClass = Demo0, testInstance = [null], testMethod = [null], testException = [null], mergedContextConfiguration = [MergedContextConfiguration@3eb57365 testClass = Demo0, locations = '{}', classes = '{class csc366.jpademo.JpaDemoApplication}', contextInitializerClasses = '[]', activeProfiles = '{}', propertySourceLocations = '{}', propertySourceProperties = '{spring.main.banner-mode=off, spring.jpa.hibernate.ddl-auto=update, logging.level.root=ERROR, logging.level.csc366=DEBUG, logging.level.org.hibernate.SQL=DEBUG, logging.level.org.hibernate.type.descriptor.sql.BasicBinder=TRACE, spring.jpa.properties.hibernate.format_sql=true, spring.jpa.show-sql=false, spring.jpa.properties.hibernate.show_sql=false, logging.pattern.console= %d{yyyy-MM-dd HH:mm:ss} - %msg%n, org.springframework.boot.test.autoconfigure.orm.jpa.DataJpaTestContextBootstrapper=true}', contextCustomizers = set[org.springframework.boot.test.autoconfigure.OverrideAutoConfigurationContextCustomizerFactory$DisableAutoConfigurationContextCustomizer@3b4db0c, org.springframework.boot.test.autoconfigure.filter.TypeExcludeFiltersContextCustomizer@351584c0, org.springframework.boot.test.autoconfigure.properties.PropertyMappingContextCustomizer@19fcb0f9, org.springframework.boot.test.autoconfigure.web.servlet.WebDriverContextCustomizerFactory$Customizer@589da89b, [ImportsContextCustomizer@d431fa3 key = [org.springframework.boot.autoconfigure.cache.CacheAutoConfiguration, org.springframework.boot.autoconfigure.data.jpa.JpaRepositoriesAutoConfiguration, org.springframework.boot.autoconfigure.flyway.FlywayAutoConfiguration, org.springframework.boot.autoconfigure.jdbc.DataSourceAutoConfiguration, org.springframework.boot.autoconfigure.jdbc.DataSourceTransactionManagerAutoConfiguration, org.springframework.boot.autoconfigure.jdbc.JdbcTemplateAutoConfiguration, org.springframework.boot.autoconfigure.liquibase.LiquibaseAutoConfiguration, org.springframework.boot.autoconfigure.orm.jpa.HibernateJpaAutoConfiguration, org.springframework.boot.autoconfigure.transaction.TransactionAutoConfiguration, org.springframework.boot.test.autoconfigure.jdbc.TestDatabaseAutoConfiguration, org.springframework.boot.test.autoconfigure.orm.jpa.TestEntityManagerAutoConfiguration]], org.springframework.boot.test.context.filter.ExcludeFilterContextCustomizer@2af9badf, org.springframework.boot.test.json.DuplicateJsonObjectContextCustomizerFactory$DuplicateJsonObjectContextCustomizer@110d0ae4, org.springframework.boot.test.mock.mockito.MockitoContextCustomizer@0], contextLoader = 'org.springframework.boot.test.context.SpringBootContextLoader', parent = [null]], attributes = map[[empty]]], class annotated with @DirtiesContext [false] with mode [null].
16:30:18.376 [Test worker] DEBUG org.springframework.test.context.support.DependencyInjectionTestExecutionListener - Performing dependency injection for test context [[DefaultTestContext@71109242 testClass = Demo0, testInstance = csc366.jpademo.Demo0@30f3437d, testMethod = [null], testException = [null], mergedContextConfiguration = [MergedContextConfiguration@3eb57365 testClass = Demo0, locations = '{}', classes = '{class csc366.jpademo.JpaDemoApplication}', contextInitializerClasses = '[]', activeProfiles = '{}', propertySourceLocations = '{}', propertySourceProperties = '{spring.main.banner-mode=off, spring.jpa.hibernate.ddl-auto=update, logging.level.root=ERROR, logging.level.csc366=DEBUG, logging.level.org.hibernate.SQL=DEBUG, logging.level.org.hibernate.type.descriptor.sql.BasicBinder=TRACE, spring.jpa.properties.hibernate.format_sql=true, spring.jpa.show-sql=false, spring.jpa.properties.hibernate.show_sql=false, logging.pattern.console= %d{yyyy-MM-dd HH:mm:ss} - %msg%n, org.springframework.boot.test.autoconfigure.orm.jpa.DataJpaTestContextBootstrapper=true}', contextCustomizers = set[org.springframework.boot.test.autoconfigure.OverrideAutoConfigurationContextCustomizerFactory$DisableAutoConfigurationContextCustomizer@3b4db0c, org.springframework.boot.test.autoconfigure.filter.TypeExcludeFiltersContextCustomizer@351584c0, org.springframework.boot.test.autoconfigure.properties.PropertyMappingContextCustomizer@19fcb0f9, org.springframework.boot.test.autoconfigure.web.servlet.WebDriverContextCustomizerFactory$Customizer@589da89b, [ImportsContextCustomizer@d431fa3 key = [org.springframework.boot.autoconfigure.cache.CacheAutoConfiguration, org.springframework.boot.autoconfigure.data.jpa.JpaRepositoriesAutoConfiguration, org.springframework.boot.autoconfigure.flyway.FlywayAutoConfiguration, org.springframework.boot.autoconfigure.jdbc.DataSourceAutoConfiguration, org.springframework.boot.autoconfigure.jdbc.DataSourceTransactionManagerAutoConfiguration, org.springframework.boot.autoconfigure.jdbc.JdbcTemplateAutoConfiguration, org.springframework.boot.autoconfigure.liquibase.LiquibaseAutoConfiguration, org.springframework.boot.autoconfigure.orm.jpa.HibernateJpaAutoConfiguration, org.springframework.boot.autoconfigure.transaction.TransactionAutoConfiguration, org.springframework.boot.test.autoconfigure.jdbc.TestDatabaseAutoConfiguration, org.springframework.boot.test.autoconfigure.orm.jpa.TestEntityManagerAutoConfiguration]], org.springframework.boot.test.context.filter.ExcludeFilterContextCustomizer@2af9badf, org.springframework.boot.test.json.DuplicateJsonObjectContextCustomizerFactory$DuplicateJsonObjectContextCustomizer@110d0ae4, org.springframework.boot.test.mock.mockito.MockitoContextCustomizer@0], contextLoader = 'org.springframework.boot.test.context.SpringBootContextLoader', parent = [null]], attributes = map[[empty]]]].
16:30:18.469 [Test worker] DEBUG org.springframework.test.context.support.TestPropertySourceUtils - Adding inlined properties to environment: {spring.jmx.enabled=false, spring.main.banner-mode=off, spring.jpa.hibernate.ddl-auto=update, logging.level.root=ERROR, logging.level.csc366=DEBUG, logging.level.org.hibernate.SQL=DEBUG, logging.level.org.hibernate.type.descriptor.sql.BasicBinder=TRACE, spring.jpa.properties.hibernate.format_sql=true, spring.jpa.show-sql=false, spring.jpa.properties.hibernate.show_sql=false, logging.pattern.console= %d{yyyy-MM-dd HH:mm:ss} - %msg%n, org.springframework.boot.test.autoconfigure.orm.jpa.DataJpaTestContextBootstrapper=true, server.port=-1}
2020-06-03 16:30:18 - Starting Demo0 on Devon with PID 2489 (started by ncpalmie in /home/ncpalmie/School/Migler366/final_proj/366-Database-Project)
2020-06-03 16:30:18 - Running with Spring Boot v2.2.4.RELEASE, Spring v5.2.3.RELEASE
2020-06-03 16:30:18 - No active profile set, falling back to default profiles: default
2020-06-03 16:30:21 - 
    
    create table address (
       id bigint generated by default as identity,
        city varchar(255),
        state varchar(255),
        street varchar(255),
        zip_code varchar(255),
        person_id bigint,
        primary key (id)
    )
2020-06-03 16:30:21 - 
    
    create table person (
       id bigint generated by default as identity,
        email varchar(255),
        first_name varchar(255),
        last_name varchar(255) not null,
        primary key (id)
    )
2020-06-03 16:30:21 - 
    
    alter table person 
       drop constraint if exists UK6wjuvbalf4x2thqkfxejnlbvh
2020-06-03 16:30:21 - 
    
    alter table person 
       add constraint UK6wjuvbalf4x2thqkfxejnlbvh unique (last_name, first_name)
2020-06-03 16:30:21 - 
    
    alter table person 
       drop constraint if exists UK_fwmwi44u55bo4rvwsv0cln012
2020-06-03 16:30:21 - 
    
    alter table person 
       add constraint UK_fwmwi44u55bo4rvwsv0cln012 unique (email)
2020-06-03 16:30:21 - 
    
    alter table person 
       drop constraint if exists UK_6atyavdanbj9pwrbrod7irb2x
2020-06-03 16:30:21 - 
    
    alter table person 
       add constraint UK_6atyavdanbj9pwrbrod7irb2x unique (last_name)
2020-06-03 16:30:21 - 
    
    alter table address 
       add constraint FK81ihijcn1kdfwffke0c0sjqeb 
       foreign key (person_id) 
       references person
2020-06-03 16:30:22 - Started Demo0 in 3.696 seconds (JVM running for 4.94)
2020-06-03 16:30:22 - 
    insert 
    into
        person
        (id, email, first_name, last_name) 
    values
        (null, ?, ?, ?)
2020-06-03 16:30:22 - binding parameter [1] as [VARCHAR] - [test@calpoly.edu]
2020-06-03 16:30:22 - binding parameter [2] as [VARCHAR] - [test]
2020-06-03 16:30:22 - binding parameter [3] as [VARCHAR] - [test]
2020-06-03 16:30:22 - 
    select
        person0_.id as id1_1_,
        person0_.email as email2_1_,
        person0_.first_name as first_na3_1_,
        person0_.last_name as last_nam4_1_ 
    from
        person person0_ 
    where
        person0_.first_name=?
2020-06-03 16:30:22 - binding parameter [1] as [VARCHAR] - [test]
2020-06-03 16:30:22 - Person[1,test,test,addresses=[]]
2020-06-03 16:30:22 - 
    insert 
    into
        person
        (id, email, first_name, last_name) 
    values
        (null, ?, ?, ?)
2020-06-03 16:30:22 - binding parameter [1] as [VARCHAR] - [test@calpoly.edu]
2020-06-03 16:30:22 - binding parameter [2] as [VARCHAR] - [test]
2020-06-03 16:30:22 - binding parameter [3] as [VARCHAR] - [test]
2020-06-03 16:30:22 - 
    select
        person0_.id as id1_1_,
        person0_.email as email2_1_,
        person0_.first_name as first_na3_1_,
        person0_.last_name as last_nam4_1_ 
    from
        person person0_ 
    where
        person0_.first_name=?
2020-06-03 16:30:22 - binding parameter [1] as [VARCHAR] - [test]
2020-06-03 16:30:22 - 
    insert 
    into
        person
        (id, email, first_name, last_name) 
    values
        (null, ?, ?, ?)
2020-06-03 16:30:22 - binding parameter [1] as [VARCHAR] - [test@calpoly.edu]
2020-06-03 16:30:22 - binding parameter [2] as [VARCHAR] - [test]
2020-06-03 16:30:22 - binding parameter [3] as [VARCHAR] - [test]
2020-06-03 16:30:22 - 
    delete 
    from
        person 
    where
        id=?
2020-06-03 16:30:22 - binding parameter [1] as [BIGINT] - [3]
2020-06-03 16:30:22 - 
    insert 
    into
        person
        (id, email, first_name, last_name) 
    values
        (null, ?, ?, ?)
2020-06-03 16:30:22 - binding parameter [1] as [VARCHAR] - [test@calpoly.edu]
2020-06-03 16:30:22 - binding parameter [2] as [VARCHAR] - [test]
2020-06-03 16:30:22 - binding parameter [3] as [VARCHAR] - [test]
2020-06-03 16:30:22 - 
    select
        person0_.id as id1_1_,
        person0_.email as email2_1_,
        person0_.first_name as first_na3_1_,
        person0_.last_name as last_nam4_1_ 
    from
        person person0_
2020-06-03 16:30:22 - 
    insert 
    into
        person
        (id, email, first_name, last_name) 
    values
        (null, ?, ?, ?)
2020-06-03 16:30:22 - binding parameter [1] as [VARCHAR] - [test@calpoly.edu]
2020-06-03 16:30:22 - binding parameter [2] as [VARCHAR] - [test]
2020-06-03 16:30:22 - binding parameter [3] as [VARCHAR] - [test]
2020-06-03 16:30:22 - 
    select
        person0_.id as id1_1_,
        person0_.email as email2_1_,
        person0_.first_name as first_na3_1_,
        person0_.last_name as last_nam4_1_ 
    from
        person person0_ 
    where
        person0_.first_name=?
2020-06-03 16:30:22 - binding parameter [1] as [VARCHAR] - [test]
2020-06-03 16:30:22 - 
    delete 
    from
        person 
    where
        id=?
2020-06-03 16:30:22 - binding parameter [1] as [BIGINT] - [5]
2020-06-03 16:30:22 - 
    insert 
    into
        person
        (id, email, first_name, last_name) 
    values
        (null, ?, ?, ?)
2020-06-03 16:30:22 - binding parameter [1] as [VARCHAR] - [test@calpoly.edu]
2020-06-03 16:30:22 - binding parameter [2] as [VARCHAR] - [test]
2020-06-03 16:30:22 - binding parameter [3] as [VARCHAR] - [test]
2020-06-03 16:30:22 - 
    select
        person0_.id as id1_1_,
        person0_.email as email2_1_,
        person0_.first_name as first_na3_1_,
        person0_.last_name as last_nam4_1_ 
    from
        person person0_ 
    where
        person0_.first_name=? 
        or person0_.last_name=?
2020-06-03 16:30:22 - binding parameter [1] as [VARCHAR] - [test]
2020-06-03 16:30:22 - binding parameter [2] as [VARCHAR] - [test]
2020-06-03 16:30:22 - 
    insert 
    into
        person
        (id, email, first_name, last_name) 
    values
        (null, ?, ?, ?)
2020-06-03 16:30:22 - binding parameter [1] as [VARCHAR] - [test@calpoly.edu]
2020-06-03 16:30:22 - binding parameter [2] as [VARCHAR] - [test]
2020-06-03 16:30:22 - binding parameter [3] as [VARCHAR] - [test]
2020-06-03 16:30:22 - 
    select
        * 
    from
        person as p 
    where
        p.first_name = ? 
        or p.last_name = ?
2020-06-03 16:30:22 - binding parameter [1] as [VARCHAR] - [test]
2020-06-03 16:30:22 - binding parameter [2] as [VARCHAR] - [test]
]]></system-out>
  <system-err><![CDATA[]]></system-err>
</testsuite>
